android/ShopAR/app/build/outputs/logs/manifest-merger-debug-report.txt
-- Merging decision tree log ---
manifest
ADDED from src/main/AndroidManifest.xml:2:1-129:12
	package
		ADDED from src/main/AndroidManifest.xml:3:5-48
		INJECTED from src/main/AndroidManifest.xml
		INJECTED from src/main/AndroidManifest.xml
	android:versionName
		ADDED from src/main/AndroidManifest.xml:5:5-30
		INJECTED from src/main/AndroidManifest.xml
		INJECTED from src/main/AndroidManifest.xml
	android:versionCode
		ADDED from src/main/AndroidManifest.xml:4:5-30
		INJECTED from src/main/AndroidManifest.xml
		INJECTED from src/main/AndroidManifest.xml
	xmlns:android
		ADDED from src/main/AndroidManifest.xml:2:11-69
uses-sdk
ADDED from src/main/AndroidManifest.xml:13:5-15:41
MERGED from [com.android.support:support-v4:26.0.0-alpha1] AndroidManifest.xml:21:5-23:54
MERGED from [com.android.support:support-media-compat:26.0.0-alpha1] AndroidManifest.xml:21:5-23:63
MERGED from [com.android.support:support-fragment:26.0.0-alpha1] AndroidManifest.xml:21:5-23:60
MERGED from [com.android.support:support-core-ui:26.0.0-alpha1] AndroidManifest.xml:21:5-23:58
MERGED from [com.android.support:support-core-utils:26.0.0-alpha1] AndroidManifest.xml:21:5-23:61
MERGED from [com.android.support:support-compat:26.0.0-alpha1] AndroidManifest.xml:21:5-23:58
	tools:overrideLibrary
		ADDED from [com.android.support:support-v4:26.0.0-alpha1] AndroidManifest.xml:23:9-51
	android:targetSdkVersion
		ADDED from src/main/AndroidManifest.xml:15:9-38
		INJECTED from src/main/AndroidManifest.xml
		INJECTED from src/main/AndroidManifest.xml
	android:minSdkVersion
		ADDED from src/main/AndroidManifest.xml:14:9-35
		INJECTED from src/main/AndroidManifest.xml
		INJECTED from src/main/AndroidManifest.xml
uses-feature#0x00020000
ADDED from src/main/AndroidManifest.xml:17:5-54
	android:glEsVersion
		ADDED from src/main/AndroidManifest.xml:17:19-51
uses-feature#android.hardware.camera
ADDED from src/main/AndroidManifest.xml:33:5-60
	android:name
		ADDED from src/main/AndroidManifest.xml:33:19-57
uses-permission#android.permission.CAMERA
ADDED from src/main/AndroidManifest.xml:36:5-65
	android:name
		ADDED from src/main/AndroidManifest.xml:36:22-62
uses-permission#android.permission.INTERNET
ADDED from src/main/AndroidManifest.xml:39:5-67
	android:name
		ADDED from src/main/AndroidManifest.xml:39:22-64
uses-permission#android.permission.ACCESS_NETWORK_STATE
ADDED from src/main/AndroidManifest.xml:45:5-79
	android:name
		ADDED from src/main/AndroidManifest.xml:45:22-76
uses-permission#android.permission.READ_EXTERNAL_STORAGE
ADDED from src/main/AndroidManifest.xml:46:5-80
	android:name
		ADDED from src/main/AndroidManifest.xml:46:22-77
uses-permission#android.permission.WRITE_EXTERNAL_STORAGE
ADDED from src/main/AndroidManifest.xml:47:5-81
	android:name
		ADDED from src/main/AndroidManifest.xml:47:22-78
uses-permission#android.permission.READ_PHONE_STATE
ADDED from src/main/AndroidManifest.xml:48:5-75
	android:name
		ADDED from src/main/AndroidManifest.xml:48:22-72
application
ADDED from src/main/AndroidManifest.xml:63:5-127:19
MERGED from [com.android.support:support-v4:26.0.0-alpha1] AndroidManifest.xml:29:5-20
MERGED from [com.android.support:support-media-compat:26.0.0-alpha1] AndroidManifest.xml:29:5-20
MERGED from [com.android.support:support-fragment:26.0.0-alpha1] AndroidManifest.xml:29:5-20
MERGED from [com.android.support:support-core-ui:26.0.0-alpha1] AndroidManifest.xml:29:5-20
MERGED from [com.android.support:support-core-utils:26.0.0-alpha1] AndroidManifest.xml:29:5-20
MERGED from [com.android.support:support-compat:26.0.0-alpha1] AndroidManifest.xml:29:5-20
	android:label
		ADDED from src/main/AndroidManifest.xml:67:9-41
	android:launchMode
		ADDED from src/main/AndroidManifest.xml:68:9-40
	android:allowBackup
		ADDED from src/main/AndroidManifest.xml:64:9-35
	android:icon
		ADDED from src/main/AndroidManifest.xml:66:9-38
	android:description
		ADDED from src/main/AndroidManifest.xml:65:9-54
	android:theme
		ADDED from src/main/AndroidManifest.xml:69:9-40
activity#com.vuforia.samples.VideoPlayback.ui.ActivityList.ActivitySplashScreen
ADDED from src/main/AndroidManifest.xml:87:9-98:20
	android:screenOrientation
		ADDED from src/main/AndroidManifest.xml:91:13-49
	android:noHistory
		ADDED from src/main/AndroidManifest.xml:90:13-37
	android:configChanges
		ADDED from src/main/AndroidManifest.xml:89:13-63
	android:theme
		ADDED from src/main/AndroidManifest.xml:92:13-51
	android:name
		ADDED from src/main/AndroidManifest.xml:88:13-65
intent-filter#android.intent.action.MAIN+android.intent.category.LAUNCHER
ADDED from src/main/AndroidManifest.xml:93:13-97:29
action#android.intent.action.MAIN
ADDED from src/main/AndroidManifest.xml:94:17-69
	android:name
		ADDED from src/main/AndroidManifest.xml:94:25-66
category#android.intent.category.LAUNCHER
ADDED from src/main/AndroidManifest.xml:96:17-77
	android:name
		ADDED from src/main/AndroidManifest.xml:96:27-74
activity#com.vuforia.samples.VideoPlayback.ui.ActivityList.AboutScreen
ADDED from src/main/AndroidManifest.xml:99:9-102:61
	android:screenOrientation
		ADDED from src/main/AndroidManifest.xml:102:13-49
	android:configChanges
		ADDED from src/main/AndroidManifest.xml:101:13-63
	android:name
		ADDED from src/main/AndroidManifest.xml:100:13-56
activity#com.vuforia.samples.VideoPlayback.app.VideoPlayback.VideoPlayback
ADDED from src/main/AndroidManifest.xml:103:9-107:54
	android:launchMode
		ADDED from src/main/AndroidManifest.xml:106:13-44
	android:configChanges
		ADDED from src/main/AndroidManifest.xml:105:13-93
	android:theme
		ADDED from src/main/AndroidManifest.xml:107:13-51
	android:name
		ADDED from src/main/AndroidManifest.xml:104:13-60
activity#com.vuforia.samples.VideoPlayback.app.VideoPlayback.FullscreenPlayback
ADDED from src/main/AndroidManifest.xml:110:9-121:20
	android:screenOrientation
		ADDED from src/main/AndroidManifest.xml:117:13-50
	android:label
		ADDED from src/main/AndroidManifest.xml:114:13-45
	android:launchMode
		ADDED from src/main/AndroidManifest.xml:115:13-44
	android:exported
		ADDED from src/main/AndroidManifest.xml:113:13-37
	android:configChanges
		ADDED from src/main/AndroidManifest.xml:112:13-93
	android:theme
		ADDED from src/main/AndroidManifest.xml:116:13-51
	android:name
		ADDED from src/main/AndroidManifest.xml:111:13-65
intent-filter#android.intent.action.VIEW
ADDED from src/main/AndroidManifest.xml:118:13-120:29
action#android.intent.action.VIEW
ADDED from src/main/AndroidManifest.xml:119:17-69
	android:name
		ADDED from src/main/AndroidManifest.xml:119:25-66
activity#com.vuforia.samples.VideoPlayback.ui.ActivityList.Main
ADDED from src/main/AndroidManifest.xml:122:9-126:61
	android:screenOrientation
		ADDED from src/main/AndroidManifest.xml:126:13-49
	android:label
		ADDED from src/main/AndroidManifest.xml:124:13-56
	android:configChanges
		ADDED from src/main/AndroidManifest.xml:125:13-63
	android:name
		ADDED from src/main/AndroidManifest.xml:123:13-49
meta-data#android.support.VERSION
ADDED from [com.android.support:support-v4:26.0.0-alpha1] AndroidManifest.xml:25:5-27:41
MERGED from [com.android.support:support-media-compat:26.0.0-alpha1] AndroidManifest.xml:25:5-27:41
MERGED from [com.android.support:support-fragment:26.0.0-alpha1] AndroidManifest.xml:25:5-27:41
MERGED from [com.android.support:support-core-ui:26.0.0-alpha1] AndroidManifest.xml:25:5-27:41
MERGED from [com.android.support:support-core-utils:26.0.0-alpha1] AndroidManifest.xml:25:5-27:41
MERGED from [com.android.support:support-compat:26.0.0-alpha1] AndroidManifest.xml:25:5-27:41
	android:value
		ADDED from [com.android.support:support-v4:26.0.0-alpha1] AndroidManifest.xml:27:9-38
	android:name
		ADDED from [com.android.support:support-v4:26.0.0-alpha1] AndroidManifest.xml:26:9-47